Using pre-set license
Built from '2022.1/staging' branch; Version is '2022.1.2f1 (9427c1534183) revision 9709505'; Using compiler version '192829333'; Build Type 'Release'
OS: 'Windows 11  (10.0.22631) 64bit Education' Language: 'en' Physical Memory: 32456 MB
BatchMode: 1, IsHumanControllingUs: 0, StartBugReporterOnCrash: 0, Is64bit: 1, IsPro: 1

COMMAND LINE ARGUMENTS:
C:\Program Files\Unity 2022.1.2f1\Editor\Unity.exe
-adb2
-batchMode
-noUpm
-name
AssetImportWorker13
-projectPath
C:/Users/9t.cc/Documents/GitHub/Repositories/ThisIsTheOnlyLevel/Platform_Santos
-logFile
Logs/AssetImportWorker13.log
-srvPort
51344
Successfully changed project path to: C:/Users/9t.cc/Documents/GitHub/Repositories/ThisIsTheOnlyLevel/Platform_Santos
C:/Users/9t.cc/Documents/GitHub/Repositories/ThisIsTheOnlyLevel/Platform_Santos
[UnityMemory] Configuration Parameters - Can be set up in boot.config
    "memorysetup-bucket-allocator-granularity=16"
    "memorysetup-bucket-allocator-bucket-count=8"
    "memorysetup-bucket-allocator-block-size=33554432"
    "memorysetup-bucket-allocator-block-count=8"
    "memorysetup-main-allocator-block-size=16777216"
    "memorysetup-thread-allocator-block-size=16777216"
    "memorysetup-gfx-main-allocator-block-size=16777216"
    "memorysetup-gfx-thread-allocator-block-size=16777216"
    "memorysetup-cache-allocator-block-size=4194304"
    "memorysetup-typetree-allocator-block-size=2097152"
    "memorysetup-profiler-bucket-allocator-granularity=16"
    "memorysetup-profiler-bucket-allocator-bucket-count=8"
    "memorysetup-profiler-bucket-allocator-block-size=33554432"
    "memorysetup-profiler-bucket-allocator-block-count=8"
    "memorysetup-profiler-allocator-block-size=16777216"
    "memorysetup-profiler-editor-allocator-block-size=1048576"
    "memorysetup-temp-allocator-size-main=16777216"
    "memorysetup-job-temp-allocator-block-size=2097152"
    "memorysetup-job-temp-allocator-block-size-background=1048576"
    "memorysetup-job-temp-allocator-reduction-small-platforms=262144"
    "memorysetup-temp-allocator-size-background-worker=32768"
    "memorysetup-temp-allocator-size-job-worker=262144"
    "memorysetup-temp-allocator-size-preload-manager=33554432"
    "memorysetup-temp-allocator-size-nav-mesh-worker=65536"
    "memorysetup-temp-allocator-size-audio-worker=65536"
    "memorysetup-temp-allocator-size-cloud-worker=32768"
    "memorysetup-temp-allocator-size-gi-baking-worker=262144"
    "memorysetup-temp-allocator-size-gfx=262144"
Refreshing native plugins compatible for Editor in 69.66 ms, found 4 plugins.
Preloading 0 native plugins for Editor in 0.00 ms.
Initialize engine version: 2022.1.2f1 (9427c1534183)
[Subsystems] Discovering subsystems at path C:/Program Files/Unity 2022.1.2f1/Editor/Data/Resources/UnitySubsystems
[Subsystems] Discovering subsystems at path C:/Users/9t.cc/Documents/GitHub/Repositories/ThisIsTheOnlyLevel/Platform_Santos/Assets
GfxDevice: creating device client; threaded=0; jobified=0
Direct3D:
    Version:  Direct3D 11.0 [level 11.1]
    Renderer: AMD Radeon Pro WX 3200 Series (ID=0x6981)
    Vendor:   ATI
    VRAM:     4040 MB
    Driver:   31.0.21018.5001
Initialize mono
Mono path[0] = 'C:/Program Files/Unity 2022.1.2f1/Editor/Data/Managed'
Mono path[1] = 'C:/Program Files/Unity 2022.1.2f1/Editor/Data/MonoBleedingEdge/lib/mono/unityjit-win32'
Mono config path = 'C:/Program Files/Unity 2022.1.2f1/Editor/Data/MonoBleedingEdge/etc'
Using monoOptions --debugger-agent=transport=dt_socket,embedding=1,server=y,suspend=n,address=127.0.0.1:56920
Begin MonoManager ReloadAssembly
Registering precompiled unity dll's ...
Register platform support module: C:/Program Files/Unity 2022.1.2f1/Editor/Data/PlaybackEngines/WindowsStandaloneSupport/UnityEditor.WindowsStandalone.Extensions.dll
Registered in 0.001780 seconds.
Native extension for WindowsStandalone target not found
Refreshing native plugins compatible for Editor in 66.93 ms, found 4 plugins.
Preloading 0 native plugins for Editor in 0.00 ms.
Mono: successfully reloaded assembly
- Completed reload, in  0.482 seconds
Domain Reload Profiling:
	ReloadAssembly (483ms)
		BeginReloadAssembly (49ms)
			ExecutionOrderSort (0ms)
			DisableScriptedObjects (0ms)
			BackupInstance (0ms)
			ReleaseScriptingObjects (0ms)
			CreateAndSetChildDomain (1ms)
		EndReloadAssembly (359ms)
			LoadAssemblies (48ms)
			RebuildTransferFunctionScriptingTraits (0ms)
			SetupTypeCache (90ms)
				TypeCache.Initialize (89ms)
					TypeCache.ScanAssembly (88ms)
				ResolveRequiredComponents (0ms)
			ReleaseScriptCaches (0ms)
			RebuildScriptCaches (27ms)
			SetupLoadedEditorAssemblies (202ms)
				LogAssemblyErrors (0ms)
				InitializePlatformSupportModulesInManaged (5ms)
				SetLoadedEditorAssemblies (5ms)
				RefreshPlugins (67ms)
				BeforeProcessingInitializeOnLoad (1ms)
				ProcessInitializeOnLoadAttributes (91ms)
				ProcessInitializeOnLoadMethodAttributes (32ms)
				AfterProcessingInitializeOnLoad (0ms)
				EditorAssembliesLoaded (0ms)
			ExecutionOrderSort2 (0ms)
			AwakeInstancesAfterBackupRestoration (0ms)
Platform modules already initialized, skipping
Registering precompiled user dll's ...
Registered in 0.003628 seconds.
Begin MonoManager ReloadAssembly
Symbol file LoadedFromMemory doesn't match image C:\Users\9t.cc\Documents\GitHub\Repositories\ThisIsTheOnlyLevel\Platform_Santos\Library\PackageCache\com.unity.visualscripting@1.7.8\Editor\VisualScripting.Core\Dependencies\YamlDotNet\Unity.VisualScripting.YamlDotNet.dll
Symbol file LoadedFromMemory doesn't match image C:\Users\9t.cc\Documents\GitHub\Repositories\ThisIsTheOnlyLevel\Platform_Santos\Library\PackageCache\com.unity.visualscripting@1.7.8\Editor\VisualScripting.Core\Dependencies\DotNetZip\Unity.VisualScripting.IonicZip.dll
Native extension for WindowsStandalone target not found
Refreshing native plugins compatible for Editor in 60.18 ms, found 4 plugins.
Preloading 0 native plugins for Editor in 0.00 ms.
Mono: successfully reloaded assembly
- Completed reload, in  0.751 seconds
Domain Reload Profiling:
	ReloadAssembly (752ms)
		BeginReloadAssembly (78ms)
			ExecutionOrderSort (0ms)
			DisableScriptedObjects (3ms)
			BackupInstance (0ms)
			ReleaseScriptingObjects (0ms)
			CreateAndSetChildDomain (13ms)
		EndReloadAssembly (602ms)
			LoadAssemblies (47ms)
			RebuildTransferFunctionScriptingTraits (0ms)
			SetupTypeCache (158ms)
				TypeCache.Initialize (155ms)
					TypeCache.ScanAssembly (152ms)
				ResolveRequiredComponents (3ms)
			ReleaseScriptCaches (0ms)
			RebuildScriptCaches (37ms)
			SetupLoadedEditorAssemblies (318ms)
				LogAssemblyErrors (0ms)
				InitializePlatformSupportModulesInManaged (2ms)
				SetLoadedEditorAssemblies (5ms)
				RefreshPlugins (60ms)
				BeforeProcessingInitializeOnLoad (58ms)
				ProcessInitializeOnLoadAttributes (161ms)
				ProcessInitializeOnLoadMethodAttributes (28ms)
				AfterProcessingInitializeOnLoad (3ms)
				EditorAssembliesLoaded (0ms)
			ExecutionOrderSort2 (0ms)
			AwakeInstancesAfterBackupRestoration (4ms)
Platform modules already initialized, skipping
========================================================================
Worker process is ready to serve import requests
Launched and connected shader compiler UnityShaderCompiler.exe after 0.03 seconds
Refreshing native plugins compatible for Editor in 0.59 ms, found 4 plugins.
Preloading 0 native plugins for Editor in 0.00 ms.
Unloading 4081 Unused Serialized files (Serialized files now loaded: 0)
Unloading 39 unused Assets / (57.8 KB). Loaded Objects now: 4538.
Memory consumption went from 0.62 GB to 0.62 GB.
Total: 2.411400 ms (FindLiveObjects: 0.202300 ms CreateObjectMapping: 0.094200 ms MarkObjects: 2.052600 ms  DeleteObjects: 0.061300 ms)

AssetImportParameters requested are different than current active one (requested -> active):
  custom:video-decoder-ogg-theora: a1e56fd34408186e4bbccfd4996cb3dc -> 
  custom:container-muxer-webm: aa71ff27fc2769a1b78a27578f13a17b -> 
  custom:container-demuxer-webm: 4f35f7cbe854078d1ac9338744f61a02 -> 
  custom:video-encoder-webm-vp8: eb34c28f22e8b96e1ab97ce403110664 -> 
  custom:video-codec-MediaFoundation-h265: 746d11721c4dcdbdad8f713fa42b33f4 -> 
  custom:audio-encoder-webm-vorbis: bf7c407c2cedff20999df2af8eb42d56 -> 
  custom:framework-win-MediaFoundation: 216162199b28c13a410421893ffa2e32 -> 
  custom:container-demuxer-ogg: 62fdf1f143b41e24485cea50d1cbac27 -> 
  custom:video-decoder-webm-vp8: 9c59270c3fd7afecdb556c50c9e8de78 -> 
  custom:audio-decoder-ogg-vorbis: bf7c407c2cedff20999df2af8eb42d56 -> 
========================================================================
Received Import Request.
  Time since last request: 303558.571836 seconds.
  path: Assets/Nature_pixel_art_assets/textures/nature_environment_01_1.asset
  artifactKey: Guid(ae16c81264ebed6488f40b391e8205b1) Importer(815301076,1909f56bfc062723c751e8b465ee728b)
Start importing Assets/Nature_pixel_art_assets/textures/nature_environment_01_1.asset using Guid(ae16c81264ebed6488f40b391e8205b1) Importer(815301076,1909f56bfc062723c751e8b465ee728b)  -> (artifact id: '9a3b1451de283920a8227c82f32ed771') in 0.050592 seconds 
========================================================================
Received Import Request.
  Time since last request: 0.000022 seconds.
  path: Assets/Nature_pixel_art_assets/textures/nature_environment_01_16.asset
  artifactKey: Guid(d7c145fbb997e094ab861492062dfbb9) Importer(815301076,1909f56bfc062723c751e8b465ee728b)
Start importing Assets/Nature_pixel_art_assets/textures/nature_environment_01_16.asset using Guid(d7c145fbb997e094ab861492062dfbb9) Importer(815301076,1909f56bfc062723c751e8b465ee728b)  -> (artifact id: 'ac6646e7aff77f911fdfd94016e614d4') in 0.008288 seconds 
========================================================================
Received Import Request.
  Time since last request: 0.000040 seconds.
  path: Assets/Nature_pixel_art_assets/textures/nature_environment_01_13.asset
  artifactKey: Guid(df73df42fbc6ece4d900ec8cfa073494) Importer(815301076,1909f56bfc062723c751e8b465ee728b)
Start importing Assets/Nature_pixel_art_assets/textures/nature_environment_01_13.asset using Guid(df73df42fbc6ece4d900ec8cfa073494) Importer(815301076,1909f56bfc062723c751e8b465ee728b)  -> (artifact id: 'a792534e5b9ee13125b4cdd791c981de') in 0.006095 seconds 
========================================================================
Received Import Request.
  Time since last request: 0.000025 seconds.
  path: Assets/Nature_pixel_art_assets/textures/nature_environment_01_14.asset
  artifactKey: Guid(dd59d1ba94f48124198f7e349d4e9a95) Importer(815301076,1909f56bfc062723c751e8b465ee728b)
Start importing Assets/Nature_pixel_art_assets/textures/nature_environment_01_14.asset using Guid(dd59d1ba94f48124198f7e349d4e9a95) Importer(815301076,1909f56bfc062723c751e8b465ee728b)  -> (artifact id: 'a04e53957c2e7979d44d1d5e1374db1f') in 0.006152 seconds 
========================================================================
Received Import Request.
  Time since last request: 0.000020 seconds.
  path: Assets/Nature_pixel_art_assets/textures/nature_environment_01_5.asset
  artifactKey: Guid(467c67042d58d1d4f9b59baf75377d3c) Importer(815301076,1909f56bfc062723c751e8b465ee728b)
Start importing Assets/Nature_pixel_art_assets/textures/nature_environment_01_5.asset using Guid(467c67042d58d1d4f9b59baf75377d3c) Importer(815301076,1909f56bfc062723c751e8b465ee728b)  -> (artifact id: '1e941689179324ddf7dd3d5032fd428c') in 0.006090 seconds 
========================================================================
Received Import Request.
  Time since last request: 0.000029 seconds.
  path: Assets/Nature_pixel_art_assets/textures/nature_environment_01_25.asset
  artifactKey: Guid(8786342c25b4d884da2127a7c09cc415) Importer(815301076,1909f56bfc062723c751e8b465ee728b)
Start importing Assets/Nature_pixel_art_assets/textures/nature_environment_01_25.asset using Guid(8786342c25b4d884da2127a7c09cc415) Importer(815301076,1909f56bfc062723c751e8b465ee728b)  -> (artifact id: '5a9089c3dbe004e8d2689385261b743a') in 0.005901 seconds 
========================================================================
Received Import Request.
  Time since last request: 0.000024 seconds.
  path: Assets/Nature_pixel_art_assets/textures/nature_environment_01_21.asset
  artifactKey: Guid(76f5f21011e81c34d80edb550253fbff) Importer(815301076,1909f56bfc062723c751e8b465ee728b)
Start importing Assets/Nature_pixel_art_assets/textures/nature_environment_01_21.asset using Guid(76f5f21011e81c34d80edb550253fbff) Importer(815301076,1909f56bfc062723c751e8b465ee728b)  -> (artifact id: 'bd497341aaffaa391c6226d9cd070122') in 0.006344 seconds 
========================================================================
Received Import Request.
  Time since last request: 0.000024 seconds.
  path: Assets/Nature_pixel_art_assets/textures/nature_environment_01_3.asset
  artifactKey: Guid(7a74b9b764c57ce4c9030573e92c2f8f) Importer(815301076,1909f56bfc062723c751e8b465ee728b)
Start importing Assets/Nature_pixel_art_assets/textures/nature_environment_01_3.asset using Guid(7a74b9b764c57ce4c9030573e92c2f8f) Importer(815301076,1909f56bfc062723c751e8b465ee728b)  -> (artifact id: 'dc670254eac86e8d676a855db2074ad5') in 0.006855 seconds 
========================================================================
Received Import Request.
  Time since last request: 0.000021 seconds.
  path: Assets/Nature_pixel_art_assets/textures/nature_environment_01_23.asset
  artifactKey: Guid(18542b4ec3b9d3145a31f5274ec5512a) Importer(815301076,1909f56bfc062723c751e8b465ee728b)
Start importing Assets/Nature_pixel_art_assets/textures/nature_environment_01_23.asset using Guid(18542b4ec3b9d3145a31f5274ec5512a) Importer(815301076,1909f56bfc062723c751e8b465ee728b)  -> (artifact id: 'a2c9aa82dad19e5f5b45d8a93d1fe5a9') in 0.006687 seconds 
========================================================================
Received Import Request.
  Time since last request: 0.000021 seconds.
  path: Assets/Nature_pixel_art_assets/textures/nature_environment_01_6.asset
  artifactKey: Guid(890fad3742263dc4a9dbde5f5d244dc6) Importer(815301076,1909f56bfc062723c751e8b465ee728b)
Start importing Assets/Nature_pixel_art_assets/textures/nature_environment_01_6.asset using Guid(890fad3742263dc4a9dbde5f5d244dc6) Importer(815301076,1909f56bfc062723c751e8b465ee728b)  -> (artifact id: 'f25735743b5714def6dc1e90aed8a8fd') in 0.006750 seconds 
========================================================================
Received Import Request.
  Time since last request: 0.000020 seconds.
  path: Assets/Nature_pixel_art_assets/textures/nature_environment_01_27.asset
  artifactKey: Guid(9dc9a7d627915d04b98aedbe0962a272) Importer(815301076,1909f56bfc062723c751e8b465ee728b)
Start importing Assets/Nature_pixel_art_assets/textures/nature_environment_01_27.asset using Guid(9dc9a7d627915d04b98aedbe0962a272) Importer(815301076,1909f56bfc062723c751e8b465ee728b)  -> (artifact id: '7871da2ae860b001f1dd224982b8e40f') in 0.006253 seconds 
========================================================================
Received Import Request.
  Time since last request: 0.000016 seconds.
  path: Assets/Nature_pixel_art_assets/textures/nature_environment_01_24.asset
  artifactKey: Guid(84edca4b59888674785df940b4dce038) Importer(815301076,1909f56bfc062723c751e8b465ee728b)
Start importing Assets/Nature_pixel_art_assets/textures/nature_environment_01_24.asset using Guid(84edca4b59888674785df940b4dce038) Importer(815301076,1909f56bfc062723c751e8b465ee728b)  -> (artifact id: 'e279bfc34d508a653ffcfa8caa3e81f1') in 0.006989 seconds 
========================================================================
Received Import Request.
  Time since last request: 0.000021 seconds.
  path: Assets/Nature_pixel_art_assets/textures/nature_environment_01_20.asset
  artifactKey: Guid(dc94871d8824a0c44bc7344fe7caf2b4) Importer(815301076,1909f56bfc062723c751e8b465ee728b)
Start importing Assets/Nature_pixel_art_assets/textures/nature_environment_01_20.asset using Guid(dc94871d8824a0c44bc7344fe7caf2b4) Importer(815301076,1909f56bfc062723c751e8b465ee728b)  -> (artifact id: 'd7f1e2b7d9e9c9ec69a20ff4b2f0a69d') in 0.007568 seconds 
========================================================================
Received Import Request.
  Time since last request: 0.000015 seconds.
  path: Assets/Nature_pixel_art_assets/textures/nature_environment_01_26.asset
  artifactKey: Guid(9f1bd36ae10544e44b754cd569f8fe7f) Importer(815301076,1909f56bfc062723c751e8b465ee728b)
Start importing Assets/Nature_pixel_art_assets/textures/nature_environment_01_26.asset using Guid(9f1bd36ae10544e44b754cd569f8fe7f) Importer(815301076,1909f56bfc062723c751e8b465ee728b)  -> (artifact id: 'dbcabef9cfbb03929481394e0536d941') in 0.006448 seconds 
Editor requested this worker to shutdown with reason: Scaling down because of idle timeout
AssetImportWorker is now disconnected from the server
Process exiting
Exiting without the bug reporter. Application will terminate with return code 0