Using pre-set license
Built from '2022.1/staging' branch; Version is '2022.1.2f1 (9427c1534183) revision 9709505'; Using compiler version '192829333'; Build Type 'Release'
OS: 'Windows 11  (10.0.22631) 64bit Education' Language: 'en' Physical Memory: 32456 MB
BatchMode: 1, IsHumanControllingUs: 0, StartBugReporterOnCrash: 0, Is64bit: 1, IsPro: 1

COMMAND LINE ARGUMENTS:
C:\Program Files\Unity 2022.1.2f1\Editor\Unity.exe
-adb2
-batchMode
-noUpm
-name
AssetImportWorker11
-projectPath
C:/Users/9t.cc/Documents/GitHub/Repositories/ThisIsTheOnlyLevel/Platform_Santos
-logFile
Logs/AssetImportWorker11.log
-srvPort
51344
Successfully changed project path to: C:/Users/9t.cc/Documents/GitHub/Repositories/ThisIsTheOnlyLevel/Platform_Santos
C:/Users/9t.cc/Documents/GitHub/Repositories/ThisIsTheOnlyLevel/Platform_Santos
[UnityMemory] Configuration Parameters - Can be set up in boot.config
    "memorysetup-bucket-allocator-granularity=16"
    "memorysetup-bucket-allocator-bucket-count=8"
    "memorysetup-bucket-allocator-block-size=33554432"
    "memorysetup-bucket-allocator-block-count=8"
    "memorysetup-main-allocator-block-size=16777216"
    "memorysetup-thread-allocator-block-size=16777216"
    "memorysetup-gfx-main-allocator-block-size=16777216"
    "memorysetup-gfx-thread-allocator-block-size=16777216"
    "memorysetup-cache-allocator-block-size=4194304"
    "memorysetup-typetree-allocator-block-size=2097152"
    "memorysetup-profiler-bucket-allocator-granularity=16"
    "memorysetup-profiler-bucket-allocator-bucket-count=8"
    "memorysetup-profiler-bucket-allocator-block-size=33554432"
    "memorysetup-profiler-bucket-allocator-block-count=8"
    "memorysetup-profiler-allocator-block-size=16777216"
    "memorysetup-profiler-editor-allocator-block-size=1048576"
    "memorysetup-temp-allocator-size-main=16777216"
    "memorysetup-job-temp-allocator-block-size=2097152"
    "memorysetup-job-temp-allocator-block-size-background=1048576"
    "memorysetup-job-temp-allocator-reduction-small-platforms=262144"
    "memorysetup-temp-allocator-size-background-worker=32768"
    "memorysetup-temp-allocator-size-job-worker=262144"
    "memorysetup-temp-allocator-size-preload-manager=33554432"
    "memorysetup-temp-allocator-size-nav-mesh-worker=65536"
    "memorysetup-temp-allocator-size-audio-worker=65536"
    "memorysetup-temp-allocator-size-cloud-worker=32768"
    "memorysetup-temp-allocator-size-gi-baking-worker=262144"
    "memorysetup-temp-allocator-size-gfx=262144"
Refreshing native plugins compatible for Editor in 69.21 ms, found 4 plugins.
Preloading 0 native plugins for Editor in 0.00 ms.
Initialize engine version: 2022.1.2f1 (9427c1534183)
[Subsystems] Discovering subsystems at path C:/Program Files/Unity 2022.1.2f1/Editor/Data/Resources/UnitySubsystems
[Subsystems] Discovering subsystems at path C:/Users/9t.cc/Documents/GitHub/Repositories/ThisIsTheOnlyLevel/Platform_Santos/Assets
GfxDevice: creating device client; threaded=0; jobified=0
Direct3D:
    Version:  Direct3D 11.0 [level 11.1]
    Renderer: AMD Radeon Pro WX 3200 Series (ID=0x6981)
    Vendor:   ATI
    VRAM:     4040 MB
    Driver:   31.0.21018.5001
Initialize mono
Mono path[0] = 'C:/Program Files/Unity 2022.1.2f1/Editor/Data/Managed'
Mono path[1] = 'C:/Program Files/Unity 2022.1.2f1/Editor/Data/MonoBleedingEdge/lib/mono/unityjit-win32'
Mono config path = 'C:/Program Files/Unity 2022.1.2f1/Editor/Data/MonoBleedingEdge/etc'
Using monoOptions --debugger-agent=transport=dt_socket,embedding=1,server=y,suspend=n,address=127.0.0.1:56960
Begin MonoManager ReloadAssembly
Registering precompiled unity dll's ...
Register platform support module: C:/Program Files/Unity 2022.1.2f1/Editor/Data/PlaybackEngines/WindowsStandaloneSupport/UnityEditor.WindowsStandalone.Extensions.dll
Registered in 0.002109 seconds.
Native extension for WindowsStandalone target not found
Refreshing native plugins compatible for Editor in 64.94 ms, found 4 plugins.
Preloading 0 native plugins for Editor in 0.00 ms.
Mono: successfully reloaded assembly
- Completed reload, in  0.484 seconds
Domain Reload Profiling:
	ReloadAssembly (484ms)
		BeginReloadAssembly (48ms)
			ExecutionOrderSort (0ms)
			DisableScriptedObjects (0ms)
			BackupInstance (0ms)
			ReleaseScriptingObjects (0ms)
			CreateAndSetChildDomain (1ms)
		EndReloadAssembly (364ms)
			LoadAssemblies (47ms)
			RebuildTransferFunctionScriptingTraits (0ms)
			SetupTypeCache (85ms)
				TypeCache.Initialize (85ms)
					TypeCache.ScanAssembly (84ms)
				ResolveRequiredComponents (0ms)
			ReleaseScriptCaches (0ms)
			RebuildScriptCaches (25ms)
			SetupLoadedEditorAssemblies (213ms)
				LogAssemblyErrors (0ms)
				InitializePlatformSupportModulesInManaged (5ms)
				SetLoadedEditorAssemblies (5ms)
				RefreshPlugins (65ms)
				BeforeProcessingInitializeOnLoad (1ms)
				ProcessInitializeOnLoadAttributes (105ms)
				ProcessInitializeOnLoadMethodAttributes (31ms)
				AfterProcessingInitializeOnLoad (0ms)
				EditorAssembliesLoaded (0ms)
			ExecutionOrderSort2 (0ms)
			AwakeInstancesAfterBackupRestoration (0ms)
Platform modules already initialized, skipping
Registering precompiled user dll's ...
Registered in 0.003584 seconds.
Begin MonoManager ReloadAssembly
Symbol file LoadedFromMemory doesn't match image C:\Users\9t.cc\Documents\GitHub\Repositories\ThisIsTheOnlyLevel\Platform_Santos\Library\PackageCache\com.unity.visualscripting@1.7.8\Editor\VisualScripting.Core\Dependencies\YamlDotNet\Unity.VisualScripting.YamlDotNet.dll
Symbol file LoadedFromMemory doesn't match image C:\Users\9t.cc\Documents\GitHub\Repositories\ThisIsTheOnlyLevel\Platform_Santos\Library\PackageCache\com.unity.visualscripting@1.7.8\Editor\VisualScripting.Core\Dependencies\DotNetZip\Unity.VisualScripting.IonicZip.dll
Native extension for WindowsStandalone target not found
Refreshing native plugins compatible for Editor in 62.69 ms, found 4 plugins.
Preloading 0 native plugins for Editor in 0.00 ms.
Mono: successfully reloaded assembly
- Completed reload, in  0.750 seconds
Domain Reload Profiling:
	ReloadAssembly (752ms)
		BeginReloadAssembly (83ms)
			ExecutionOrderSort (0ms)
			DisableScriptedObjects (7ms)
			BackupInstance (0ms)
			ReleaseScriptingObjects (0ms)
			CreateAndSetChildDomain (13ms)
		EndReloadAssembly (597ms)
			LoadAssemblies (48ms)
			RebuildTransferFunctionScriptingTraits (0ms)
			SetupTypeCache (154ms)
				TypeCache.Initialize (151ms)
					TypeCache.ScanAssembly (149ms)
				ResolveRequiredComponents (3ms)
			ReleaseScriptCaches (0ms)
			RebuildScriptCaches (37ms)
			SetupLoadedEditorAssemblies (316ms)
				LogAssemblyErrors (0ms)
				InitializePlatformSupportModulesInManaged (2ms)
				SetLoadedEditorAssemblies (5ms)
				RefreshPlugins (63ms)
				BeforeProcessingInitializeOnLoad (60ms)
				ProcessInitializeOnLoadAttributes (159ms)
				ProcessInitializeOnLoadMethodAttributes (25ms)
				AfterProcessingInitializeOnLoad (3ms)
				EditorAssembliesLoaded (0ms)
			ExecutionOrderSort2 (0ms)
			AwakeInstancesAfterBackupRestoration (4ms)
Platform modules already initialized, skipping
========================================================================
Worker process is ready to serve import requests
Launched and connected shader compiler UnityShaderCompiler.exe after 0.03 seconds
Refreshing native plugins compatible for Editor in 0.55 ms, found 4 plugins.
Preloading 0 native plugins for Editor in 0.00 ms.
Unloading 4081 Unused Serialized files (Serialized files now loaded: 0)
Unloading 39 unused Assets / (57.8 KB). Loaded Objects now: 4538.
Memory consumption went from 0.62 GB to 0.62 GB.
Total: 2.371900 ms (FindLiveObjects: 0.203000 ms CreateObjectMapping: 0.089100 ms MarkObjects: 2.017500 ms  DeleteObjects: 0.061000 ms)

AssetImportParameters requested are different than current active one (requested -> active):
  custom:video-decoder-ogg-theora: a1e56fd34408186e4bbccfd4996cb3dc -> 
  custom:container-muxer-webm: aa71ff27fc2769a1b78a27578f13a17b -> 
  custom:container-demuxer-webm: 4f35f7cbe854078d1ac9338744f61a02 -> 
  custom:video-encoder-webm-vp8: eb34c28f22e8b96e1ab97ce403110664 -> 
  custom:video-codec-MediaFoundation-h265: 746d11721c4dcdbdad8f713fa42b33f4 -> 
  custom:audio-encoder-webm-vorbis: bf7c407c2cedff20999df2af8eb42d56 -> 
  custom:framework-win-MediaFoundation: 216162199b28c13a410421893ffa2e32 -> 
  custom:container-demuxer-ogg: 62fdf1f143b41e24485cea50d1cbac27 -> 
  custom:video-decoder-webm-vp8: 9c59270c3fd7afecdb556c50c9e8de78 -> 
  custom:audio-decoder-ogg-vorbis: bf7c407c2cedff20999df2af8eb42d56 -> 
========================================================================
Received Import Request.
  Time since last request: 303441.810856 seconds.
  path: Assets/Tilemaps
  artifactKey: Guid(f3f8ff0395b049747b6011eee451ca11) Importer(815301076,1909f56bfc062723c751e8b465ee728b)
Start importing Assets/Tilemaps using Guid(f3f8ff0395b049747b6011eee451ca11) Importer(815301076,1909f56bfc062723c751e8b465ee728b)  -> (artifact id: '06d12eff6d715fa3e1476d0eee532c08') in 0.002091 seconds 
========================================================================
Received Import Request.
  Time since last request: 51.663028 seconds.
  path: Assets/Tilemaps/Rectangular Palette.prefab
  artifactKey: Guid(71e83c7bd1d39a3408d7bce9da67ec87) Importer(815301076,1909f56bfc062723c751e8b465ee728b)
Start importing Assets/Tilemaps/Rectangular Palette.prefab using Guid(71e83c7bd1d39a3408d7bce9da67ec87) Importer(815301076,1909f56bfc062723c751e8b465ee728b)  -> (artifact id: '73ea8c45b40015c622dda7ebecd69c33') in 0.069643 seconds 
========================================================================
Received Import Request.
  Time since last request: 29.662181 seconds.
  path: Assets/Tilemaps/Foreground.prefab
  artifactKey: Guid(71e83c7bd1d39a3408d7bce9da67ec87) Importer(815301076,1909f56bfc062723c751e8b465ee728b)
Start importing Assets/Tilemaps/Foreground.prefab using Guid(71e83c7bd1d39a3408d7bce9da67ec87) Importer(815301076,1909f56bfc062723c751e8b465ee728b)  -> (artifact id: '5b36ea93cb9f4753273744a7dcd1c14c') in 0.006319 seconds 
========================================================================
Received Import Request.
  Time since last request: 3.812949 seconds.
  path: Assets/Nature_pixel_art_assets/palette/Nature_environment_01.prefab
  artifactKey: Guid(325706ee1da856d4f849f2d78592f64c) Importer(815301076,1909f56bfc062723c751e8b465ee728b)
Start importing Assets/Nature_pixel_art_assets/palette/Nature_environment_01.prefab using Guid(325706ee1da856d4f849f2d78592f64c) Importer(815301076,1909f56bfc062723c751e8b465ee728b)  -> (artifact id: 'edfa116b557e795fcd2f4bc5468bf7f8') in 0.037526 seconds 
========================================================================
Received Import Request.
  Time since last request: 16.446741 seconds.
  path: Assets/Nature_pixel_art_assets/textures
  artifactKey: Guid(d91241baa713a0d4a812a1d5aee49972) Importer(815301076,1909f56bfc062723c751e8b465ee728b)
Start importing Assets/Nature_pixel_art_assets/textures using Guid(d91241baa713a0d4a812a1d5aee49972) Importer(815301076,1909f56bfc062723c751e8b465ee728b)  -> (artifact id: 'a38f9db4a9479abbffc06474422b2b02') in 0.001159 seconds 
========================================================================
Received Import Request.
  Time since last request: 15.037974 seconds.
  path: Assets/Nature_pixel_art_assets/textures/nature_environment_01_0.asset
  artifactKey: Guid(b5f48a7eecbf55442993ab2bf836ecac) Importer(815301076,1909f56bfc062723c751e8b465ee728b)
Start importing Assets/Nature_pixel_art_assets/textures/nature_environment_01_0.asset using Guid(b5f48a7eecbf55442993ab2bf836ecac) Importer(815301076,1909f56bfc062723c751e8b465ee728b)  -> (artifact id: 'ab36a3e43082927fa19617eba61282aa') in 0.011784 seconds 
========================================================================
Received Import Request.
  Time since last request: 0.003296 seconds.
  path: Assets/Nature_pixel_art_assets/textures/nature_environment_01_2.asset
  artifactKey: Guid(69dad77aa9b6cd042a8d3c50599205fa) Importer(815301076,1909f56bfc062723c751e8b465ee728b)
Start importing Assets/Nature_pixel_art_assets/textures/nature_environment_01_2.asset using Guid(69dad77aa9b6cd042a8d3c50599205fa) Importer(815301076,1909f56bfc062723c751e8b465ee728b)  -> (artifact id: '5f785648bae64c2a7385b7a9435454f4') in 0.007554 seconds 
========================================================================
Received Import Request.
  Time since last request: 0.000020 seconds.
  path: Assets/Nature_pixel_art_assets/textures/nature_environment_01_17.asset
  artifactKey: Guid(a34c6bdc06fbed74e92b0bd05d5522f5) Importer(815301076,1909f56bfc062723c751e8b465ee728b)
Start importing Assets/Nature_pixel_art_assets/textures/nature_environment_01_17.asset using Guid(a34c6bdc06fbed74e92b0bd05d5522f5) Importer(815301076,1909f56bfc062723c751e8b465ee728b)  -> (artifact id: '8a83fd9dd5a00921648bd0bda759a512') in 0.006139 seconds 
========================================================================
Received Import Request.
  Time since last request: 0.000023 seconds.
  path: Assets/Nature_pixel_art_assets/textures/nature_environment_01_18.asset
  artifactKey: Guid(bfbf6d11c0419a04d9cccd775ab7b0b0) Importer(815301076,1909f56bfc062723c751e8b465ee728b)
Start importing Assets/Nature_pixel_art_assets/textures/nature_environment_01_18.asset using Guid(bfbf6d11c0419a04d9cccd775ab7b0b0) Importer(815301076,1909f56bfc062723c751e8b465ee728b)  -> (artifact id: '4e9da053e51becb22b205058e97f326a') in 0.006457 seconds 
========================================================================
Received Import Request.
  Time since last request: 0.000021 seconds.
  path: Assets/Nature_pixel_art_assets/textures/nature_environment_01_4.asset
  artifactKey: Guid(6b448d1a5d56b5c42b16c2265dcc7493) Importer(815301076,1909f56bfc062723c751e8b465ee728b)
Start importing Assets/Nature_pixel_art_assets/textures/nature_environment_01_4.asset using Guid(6b448d1a5d56b5c42b16c2265dcc7493) Importer(815301076,1909f56bfc062723c751e8b465ee728b)  -> (artifact id: 'fc35a939164bede995def50f21821b22') in 0.005969 seconds 
========================================================================
Received Import Request.
  Time since last request: 0.000022 seconds.
  path: Assets/Nature_pixel_art_assets/textures/nature_environment_01_8.asset
  artifactKey: Guid(e38045b343f5fca438eb3f2299696c05) Importer(815301076,1909f56bfc062723c751e8b465ee728b)
Start importing Assets/Nature_pixel_art_assets/textures/nature_environment_01_8.asset using Guid(e38045b343f5fca438eb3f2299696c05) Importer(815301076,1909f56bfc062723c751e8b465ee728b)  -> (artifact id: '39d11f17ff014e896b31b4666109a2e1') in 0.006504 seconds 
========================================================================
Received Import Request.
  Time since last request: 0.000021 seconds.
  path: Assets/Nature_pixel_art_assets/textures/nature_environment_01_9.asset
  artifactKey: Guid(8afdcdc0888a8e14087ae37943889b15) Importer(815301076,1909f56bfc062723c751e8b465ee728b)
Start importing Assets/Nature_pixel_art_assets/textures/nature_environment_01_9.asset using Guid(8afdcdc0888a8e14087ae37943889b15) Importer(815301076,1909f56bfc062723c751e8b465ee728b)  -> (artifact id: '5c35c5c908b7589fe14be79c9c0bd9c2') in 0.006707 seconds 
========================================================================
Received Import Request.
  Time since last request: 0.000016 seconds.
  path: Assets/Nature_pixel_art_assets/textures/nature_environment_01_11.asset
  artifactKey: Guid(5abbbbff96b818f488b0cb2d5e303848) Importer(815301076,1909f56bfc062723c751e8b465ee728b)
Start importing Assets/Nature_pixel_art_assets/textures/nature_environment_01_11.asset using Guid(5abbbbff96b818f488b0cb2d5e303848) Importer(815301076,1909f56bfc062723c751e8b465ee728b)  -> (artifact id: '6f2b0849d1a64d4e23d74048fd737408') in 0.006161 seconds 
========================================================================
Received Import Request.
  Time since last request: 0.000018 seconds.
  path: Assets/Nature_pixel_art_assets/textures/nature_environment_01_19.asset
  artifactKey: Guid(04d469bd37d8b8243bec63956d9210a4) Importer(815301076,1909f56bfc062723c751e8b465ee728b)
Start importing Assets/Nature_pixel_art_assets/textures/nature_environment_01_19.asset using Guid(04d469bd37d8b8243bec63956d9210a4) Importer(815301076,1909f56bfc062723c751e8b465ee728b)  -> (artifact id: '9fed4169ebbf236bb6ce0287602ff9dc') in 0.006164 seconds 
========================================================================
Received Import Request.
  Time since last request: 0.000021 seconds.
  path: Assets/Nature_pixel_art_assets/textures/nature_environment_01_29.asset
  artifactKey: Guid(66b587117b6251742b57cfd9eec88c71) Importer(815301076,1909f56bfc062723c751e8b465ee728b)
Start importing Assets/Nature_pixel_art_assets/textures/nature_environment_01_29.asset using Guid(66b587117b6251742b57cfd9eec88c71) Importer(815301076,1909f56bfc062723c751e8b465ee728b)  -> (artifact id: '9b713e244665a878db8012dcca013af7') in 0.006282 seconds 
========================================================================
Received Import Request.
  Time since last request: 0.000024 seconds.
  path: Assets/Nature_pixel_art_assets/textures/nature_environment_01_22.asset
  artifactKey: Guid(64ad4d8e2a816a14c9fe3429eabe248e) Importer(815301076,1909f56bfc062723c751e8b465ee728b)
Start importing Assets/Nature_pixel_art_assets/textures/nature_environment_01_22.asset using Guid(64ad4d8e2a816a14c9fe3429eabe248e) Importer(815301076,1909f56bfc062723c751e8b465ee728b)  -> (artifact id: '9b0e411cdbde397a55b26d22f869c6c5') in 0.007052 seconds 
========================================================================
Received Import Request.
  Time since last request: 0.000019 seconds.
  path: Assets/Nature_pixel_art_assets/textures/nature_environment_01_15.asset
  artifactKey: Guid(ddc2cb545dad7ee4092fcf4546d4a5cd) Importer(815301076,1909f56bfc062723c751e8b465ee728b)
Start importing Assets/Nature_pixel_art_assets/textures/nature_environment_01_15.asset using Guid(ddc2cb545dad7ee4092fcf4546d4a5cd) Importer(815301076,1909f56bfc062723c751e8b465ee728b)  -> (artifact id: '6c969360b23a7642039e4692db2582e8') in 0.006852 seconds 
========================================================================
Received Import Request.
  Time since last request: 0.000018 seconds.
  path: Assets/Nature_pixel_art_assets/textures/nature_environment_01_12.asset
  artifactKey: Guid(2e1c5a3f2bbb72240a4c77caa9522de9) Importer(815301076,1909f56bfc062723c751e8b465ee728b)
Start importing Assets/Nature_pixel_art_assets/textures/nature_environment_01_12.asset using Guid(2e1c5a3f2bbb72240a4c77caa9522de9) Importer(815301076,1909f56bfc062723c751e8b465ee728b)  -> (artifact id: 'bf0b41e773b3919d6f88b7fa57c718c4') in 0.006426 seconds 
========================================================================
Received Import Request.
  Time since last request: 0.000025 seconds.
  path: Assets/Nature_pixel_art_assets/textures/nature_environment_01_7.asset
  artifactKey: Guid(77b2392e2a33e3a498e3ccebe3d2d6ce) Importer(815301076,1909f56bfc062723c751e8b465ee728b)
Start importing Assets/Nature_pixel_art_assets/textures/nature_environment_01_7.asset using Guid(77b2392e2a33e3a498e3ccebe3d2d6ce) Importer(815301076,1909f56bfc062723c751e8b465ee728b)  -> (artifact id: '91d59abd44d077d768414cf91e94f4b1') in 0.006689 seconds 
========================================================================
Received Import Request.
  Time since last request: 0.000020 seconds.
  path: Assets/Nature_pixel_art_assets/textures/nature_environment_01_31.asset
  artifactKey: Guid(88763757702a76e4896612db4822707f) Importer(815301076,1909f56bfc062723c751e8b465ee728b)
Start importing Assets/Nature_pixel_art_assets/textures/nature_environment_01_31.asset using Guid(88763757702a76e4896612db4822707f) Importer(815301076,1909f56bfc062723c751e8b465ee728b)  -> (artifact id: 'ea27d0ca7cde2da5de7b373240cc1a5d') in 0.007897 seconds 
========================================================================
Received Import Request.
  Time since last request: 0.000021 seconds.
  path: Assets/Nature_pixel_art_assets/textures/nature_environment_01_30.asset
  artifactKey: Guid(4184bcef484b7484b9f77bd065c0ed4f) Importer(815301076,1909f56bfc062723c751e8b465ee728b)
Start importing Assets/Nature_pixel_art_assets/textures/nature_environment_01_30.asset using Guid(4184bcef484b7484b9f77bd065c0ed4f) Importer(815301076,1909f56bfc062723c751e8b465ee728b)  -> (artifact id: '907f471bf9f345f5cbbc3ddb219c198b') in 0.007196 seconds 
========================================================================
Received Import Request.
  Time since last request: 0.000017 seconds.
  path: Assets/Nature_pixel_art_assets/textures/nature_environment_01_10.asset
  artifactKey: Guid(679b5c5df92c106449d20f98a76b1cc1) Importer(815301076,1909f56bfc062723c751e8b465ee728b)
Start importing Assets/Nature_pixel_art_assets/textures/nature_environment_01_10.asset using Guid(679b5c5df92c106449d20f98a76b1cc1) Importer(815301076,1909f56bfc062723c751e8b465ee728b)  -> (artifact id: '4ea9cdcbed3e323f97bae9379a296b20') in 0.005872 seconds 
========================================================================
Received Import Request.
  Time since last request: 0.000016 seconds.
  path: Assets/Nature_pixel_art_assets/textures/nature_environment_01_28.asset
  artifactKey: Guid(1e227265806bd184b83986816a0f2a58) Importer(815301076,1909f56bfc062723c751e8b465ee728b)
Start importing Assets/Nature_pixel_art_assets/textures/nature_environment_01_28.asset using Guid(1e227265806bd184b83986816a0f2a58) Importer(815301076,1909f56bfc062723c751e8b465ee728b)  -> (artifact id: '7408a17ee759af812c50b341f61508d6') in 0.005773 seconds 
Editor requested this worker to shutdown with reason: Scaling down because of idle timeout
AssetImportWorker is now disconnected from the server
Process exiting
Exiting without the bug reporter. Application will terminate with return code 0